[Wednesday 28th September 2016 : 01:31:02am] DB has been cloned successfully
[Wednesday 28th September 2016 : 01:31:03am] Copying file has been failed and will be skipped: /Applications/XAMPP/xamppfiles/htdocs/conference/.DS_Store
[Wednesday 28th September 2016 : 01:31:04am] Copying file has been failed and will be skipped: /Applications/XAMPP/xamppfiles/htdocs/conference/.htaccess
[Wednesday 28th September 2016 : 01:31:05am] Copying file has been failed and will be skipped: /Applications/XAMPP/xamppfiles/htdocs/conference/conference.sql
[Wednesday 28th September 2016 : 01:31:06am] Copying file has been failed and will be skipped: /Applications/XAMPP/xamppfiles/htdocs/conference/index.php
[Wednesday 28th September 2016 : 01:31:08am] Copying file has been failed and will be skipped: /Applications/XAMPP/xamppfiles/htdocs/conference/internationalconferenceondatamining.wordpress.2016-09-28.xml
[Wednesday 28th September 2016 : 01:31:09am] Copying file has been failed and will be skipped: /Applications/XAMPP/xamppfiles/htdocs/conference/layout-27092016.json
[Wednesday 28th September 2016 : 01:31:10am] Copying file has been failed and will be skipped: /Applications/XAMPP/xamppfiles/htdocs/conference/license.txt
[Wednesday 28th September 2016 : 01:31:11am] Copying file has been failed and will be skipped: /Applications/XAMPP/xamppfiles/htdocs/conference/readme.html
[Wednesday 28th September 2016 : 01:31:12am] Copying file has been failed and will be skipped: /Applications/XAMPP/xamppfiles/htdocs/conference/wp-activate.php
[Wednesday 28th September 2016 : 01:31:14am] Copying file has been failed and will be skipped: /Applications/XAMPP/xamppfiles/htdocs/conference/wp-admin/about.php
[Wednesday 28th September 2016 : 01:31:15am] Copying file has been failed and will be skipped: /Applications/XAMPP/xamppfiles/htdocs/conference/wp-admin/admin-ajax.php
[Wednesday 28th September 2016 : 01:31:16am] Copying file has been failed and will be skipped: /Applications/XAMPP/xamppfiles/htdocs/conference/wp-admin/admin-footer.php
[Wednesday 28th September 2016 : 01:31:17am] Copying file has been failed and will be skipped: /Applications/XAMPP/xamppfiles/htdocs/conference/wp-admin/admin-functions.php
[Wednesday 28th September 2016 : 01:31:18am] Copying file has been failed and will be skipped: /Applications/XAMPP/xamppfiles/htdocs/conference/wp-admin/admin-header.php
[Wednesday 28th September 2016 : 01:31:20am] Copying file has been failed and will be skipped: /Applications/XAMPP/xamppfiles/htdocs/conference/wp-admin/admin-post.php
[Wednesday 28th September 2016 : 01:31:21am] Copying file has been failed and will be skipped: /Applications/XAMPP/xamppfiles/htdocs/conference/wp-admin/admin.php
[Wednesday 28th September 2016 : 01:31:22am] Copying file has been failed and will be skipped: /Applications/XAMPP/xamppfiles/htdocs/conference/wp-admin/async-upload.php
[Wednesday 28th September 2016 : 01:31:23am] Copying file has been failed and will be skipped: /Applications/XAMPP/xamppfiles/htdocs/conference/wp-admin/comment.php
[Wednesday 28th September 2016 : 01:31:24am] Copying file has been failed and will be skipped: /Applications/XAMPP/xamppfiles/htdocs/conference/wp-admin/credits.php
[Wednesday 28th September 2016 : 01:31:26am] Copying file has been failed and will be skipped: /Applications/XAMPP/xamppfiles/htdocs/conference/wp-admin/css/about-rtl.css
[Wednesday 28th September 2016 : 01:31:27am] Copying file has been failed and will be skipped: /Applications/XAMPP/xamppfiles/htdocs/conference/wp-admin/css/about-rtl.min.css
[Wednesday 28th September 2016 : 01:31:28am] Copying file has been failed and will be skipped: /Applications/XAMPP/xamppfiles/htdocs/conference/wp-admin/css/about.css
[Wednesday 28th September 2016 : 01:31:29am] Copying file has been failed and will be skipped: /Applications/XAMPP/xamppfiles/htdocs/conference/wp-admin/css/about.min.css
[Wednesday 28th September 2016 : 01:31:30am] Copying file has been failed and will be skipped: /Applications/XAMPP/xamppfiles/htdocs/conference/wp-admin/css/admin-menu-rtl.css
[Wednesday 28th September 2016 : 01:31:32am] Copying file has been failed and will be skipped: /Applications/XAMPP/xamppfiles/htdocs/conference/wp-admin/css/admin-menu-rtl.min.css
[Wednesday 28th September 2016 : 01:31:33am] Copying file has been failed and will be skipped: /Applications/XAMPP/xamppfiles/htdocs/conference/wp-admin/css/admin-menu.css
[Wednesday 28th September 2016 : 01:31:34am] Copying file has been failed and will be skipped: /Applications/XAMPP/xamppfiles/htdocs/conference/wp-admin/css/admin-menu.min.css
[Wednesday 28th September 2016 : 01:31:35am] Copying file has been failed and will be skipped: /Applications/XAMPP/xamppfiles/htdocs/conference/wp-admin/css/color-picker-rtl.css
[Wednesday 28th September 2016 : 01:31:36am] Copying file has been failed and will be skipped: /Applications/XAMPP/xamppfiles/htdocs/conference/wp-admin/css/color-picker-rtl.min.css
[Wednesday 28th September 2016 : 01:31:38am] Copying file has been failed and will be skipped: /Applications/XAMPP/xamppfiles/htdocs/conference/wp-admin/css/color-picker.css
[Wednesday 28th September 2016 : 01:31:39am] Copying file has been failed and will be skipped: /Applications/XAMPP/xamppfiles/htdocs/conference/wp-admin/css/color-picker.min.css
[Wednesday 28th September 2016 : 01:31:40am] Copying file has been failed and will be skipped: /Applications/XAMPP/xamppfiles/htdocs/conference/wp-admin/css/colors/_admin.scss
[Wednesday 28th September 2016 : 01:31:41am] Copying file has been failed and will be skipped: /Applications/XAMPP/xamppfiles/htdocs/conference/wp-admin/css/colors/_mixins.scss
[Wednesday 28th September 2016 : 01:31:42am] Copying file has been failed and will be skipped: /Applications/XAMPP/xamppfiles/htdocs/conference/wp-admin/css/colors/_variables.scss
[Wednesday 28th September 2016 : 01:31:44am] Copying file has been failed and will be skipped: /Applications/XAMPP/xamppfiles/htdocs/conference/wp-admin/css/colors/blue/colors-rtl.css
[Wednesday 28th September 2016 : 01:31:45am] Copying file has been failed and will be skipped: /Applications/XAMPP/xamppfiles/htdocs/conference/wp-admin/css/colors/blue/colors-rtl.min.css
[Wednesday 28th September 2016 : 01:31:46am] Copying file has been failed and will be skipped: /Applications/XAMPP/xamppfiles/htdocs/conference/wp-admin/css/colors/blue/colors.css
[Wednesday 28th September 2016 : 01:31:47am] Copying file has been failed and will be skipped: /Applications/XAMPP/xamppfiles/htdocs/conference/wp-admin/css/colors/blue/colors.min.css
[Wednesday 28th September 2016 : 01:31:48am] Copying file has been failed and will be skipped: /Applications/XAMPP/xamppfiles/htdocs/conference/wp-admin/css/colors/blue/colors.scss
[Wednesday 28th September 2016 : 01:31:50am] Copying file has been failed and will be skipped: /Applications/XAMPP/xamppfiles/htdocs/conference/wp-admin/css/colors/coffee/colors-rtl.css
[Wednesday 28th September 2016 : 01:31:52am] Copying file has been failed and will be skipped: /Applications/XAMPP/xamppfiles/htdocs/conference/wp-admin/css/colors/coffee/colors-rtl.min.css
[Wednesday 28th September 2016 : 01:31:54am] Copying file has been failed and will be skipped: /Applications/XAMPP/xamppfiles/htdocs/conference/wp-admin/css/colors/coffee/colors.css
[Wednesday 28th September 2016 : 01:31:56am] Copying file has been failed and will be skipped: /Applications/XAMPP/xamppfiles/htdocs/conference/wp-admin/css/colors/coffee/colors.min.css
[Wednesday 28th September 2016 : 01:31:57am] Copying file has been failed and will be skipped: /Applications/XAMPP/xamppfiles/htdocs/conference/wp-admin/css/colors/coffee/colors.scss
[Wednesday 28th September 2016 : 01:31:58am] Copying file has been failed and will be skipped: /Applications/XAMPP/xamppfiles/htdocs/conference/wp-admin/css/colors/ectoplasm/colors-rtl.css
[Wednesday 28th September 2016 : 01:31:59am] Copying file has been failed and will be skipped: /Applications/XAMPP/xamppfiles/htdocs/conference/wp-admin/css/colors/ectoplasm/colors-rtl.min.css
[Wednesday 28th September 2016 : 01:32:01am] Copying file has been failed and will be skipped: /Applications/XAMPP/xamppfiles/htdocs/conference/wp-admin/css/colors/ectoplasm/colors.css
[Wednesday 28th September 2016 : 01:32:02am] Copying file has been failed and will be skipped: /Applications/XAMPP/xamppfiles/htdocs/conference/wp-admin/css/colors/ectoplasm/colors.min.css
[Wednesday 28th September 2016 : 01:32:03am] Copying file has been failed and will be skipped: /Applications/XAMPP/xamppfiles/htdocs/conference/wp-admin/css/colors/ectoplasm/colors.scss
[Wednesday 28th September 2016 : 01:32:04am] Copying file has been failed and will be skipped: /Applications/XAMPP/xamppfiles/htdocs/conference/wp-admin/css/colors/light/colors-rtl.css
[Wednesday 28th September 2016 : 01:32:05am] Copying file has been failed and will be skipped: /Applications/XAMPP/xamppfiles/htdocs/conference/wp-admin/css/colors/light/colors-rtl.min.css
[Wednesday 28th September 2016 : 01:32:07am] Copying file has been failed and will be skipped: /Applications/XAMPP/xamppfiles/htdocs/conference/wp-admin/css/colors/light/colors.css
[Wednesday 28th September 2016 : 01:32:08am] Copying file has been failed and will be skipped: /Applications/XAMPP/xamppfiles/htdocs/conference/wp-admin/css/colors/light/colors.min.css
[Wednesday 28th September 2016 : 01:32:09am] Copying file has been failed and will be skipped: /Applications/XAMPP/xamppfiles/htdocs/conference/wp-admin/css/colors/light/colors.scss
[Wednesday 28th September 2016 : 01:32:10am] Copying file has been failed and will be skipped: /Applications/XAMPP/xamppfiles/htdocs/conference/wp-admin/css/colors/midnight/colors-rtl.css
[Wednesday 28th September 2016 : 01:32:11am] Copying file has been failed and will be skipped: /Applications/XAMPP/xamppfiles/htdocs/conference/wp-admin/css/colors/midnight/colors-rtl.min.css
[Wednesday 28th September 2016 : 01:32:13am] Copying file has been failed and will be skipped: /Applications/XAMPP/xamppfiles/htdocs/conference/wp-admin/css/colors/midnight/colors.css
[Wednesday 28th September 2016 : 01:32:14am] Copying file has been failed and will be skipped: /Applications/XAMPP/xamppfiles/htdocs/conference/wp-admin/css/colors/midnight/colors.min.css
[Wednesday 28th September 2016 : 01:32:16am] Copying file has been failed and will be skipped: /Applications/XAMPP/xamppfiles/htdocs/conference/wp-admin/css/colors/midnight/colors.scss
[Wednesday 28th September 2016 : 01:32:17am] Droping table 1475026260210_wp_commentmeta was successfull
[Wednesday 28th September 2016 : 01:32:17am] Droping table 1475026260210_wp_comments was successfull
[Wednesday 28th September 2016 : 01:32:17am] Droping table 1475026260210_wp_duplicator_packages was successfull
[Wednesday 28th September 2016 : 01:32:17am] Droping table 1475026260210_wp_links was successfull
[Wednesday 28th September 2016 : 01:32:17am] Droping table 1475026260210_wp_options was successfull
[Wednesday 28th September 2016 : 01:32:17am] Droping table 1475026260210_wp_postmeta was successfull
[Wednesday 28th September 2016 : 01:32:17am] Droping table 1475026260210_wp_posts was successfull
[Wednesday 28th September 2016 : 01:32:17am] Droping table 1475026260210_wp_term_relationships was successfull
[Wednesday 28th September 2016 : 01:32:17am] Droping table 1475026260210_wp_term_taxonomy was successfull
[Wednesday 28th September 2016 : 01:32:17am] Droping table 1475026260210_wp_termmeta was successfull
[Wednesday 28th September 2016 : 01:32:17am] Droping table 1475026260210_wp_terms was successfull
[Wednesday 28th September 2016 : 01:32:17am] Droping table 1475026260210_wp_usermeta was successfull
[Wednesday 28th September 2016 : 01:32:17am] Droping table 1475026260210_wp_users was successfull
[Wednesday 28th September 2016 : 01:32:17am] Droping table 1475026260210_wp_waiting was successfull
[Wednesday 28th September 2016 : 01:32:17am] Clone folder /Applications/XAMPP/xamppfiles/htdocs/conference/1475026260210 has been removed successfully.
[Wednesday 28th September 2016 : 01:32:17am] /Applications/XAMPP/xamppfiles/htdocs/conference/wp-content/uploads/wp-staging/clone_details.json has been purged successfully
[Wednesday 28th September 2016 : 01:32:17am] /Applications/XAMPP/xamppfiles/htdocs/conference/wp-content/uploads/wp-staging/remaining_files.json has been purged successfully
